2023-06-05 10:53:13,588 [Worker-2: Loading available Gradle versions] INFO  o.e.b.c.i.u.g.PublishedGradleVersions - Gradle version information cache is up-to-date. Trying to read.
2023-06-05 10:58:43,197 [Worker-9: Launching mavenrun-7ef297c1-f7a4-4348-83c4-724e13ddf22e] INFO  o.eclipse.m2e.core.internal.Bundles - getClasspathEntries(Bundle=org.eclipse.m2e.maven.runtime_3.8.701.20230209-1606 [346])
2023-06-05 10:58:43,209 [Worker-9: Launching mavenrun-7ef297c1-f7a4-4348-83c4-724e13ddf22e] INFO  o.eclipse.m2e.core.internal.Bundles - 	Entry: C:\Users\madhu\Downloads\sts-4.18.0.RELEASE\plugins\org.eclipse.m2e.maven.runtime_3.8.701.20230209-1606
2023-06-05 10:58:43,210 [Worker-9: Launching mavenrun-7ef297c1-f7a4-4348-83c4-724e13ddf22e] INFO  o.eclipse.m2e.core.internal.Bundles - 	Entry: C:\Users\madhu\Downloads\sts-4.18.0.RELEASE\plugins\org.eclipse.m2e.maven.runtime_3.8.701.20230209-1606\jars\aether-connector-okhttp-0.17.8.jar
2023-06-05 10:58:43,210 [Worker-9: Launching mavenrun-7ef297c1-f7a4-4348-83c4-724e13ddf22e] INFO  o.eclipse.m2e.core.internal.Bundles - 	Entry: C:\Users\madhu\Downloads\sts-4.18.0.RELEASE\plugins\org.eclipse.m2e.maven.runtime_3.8.701.20230209-1606\jars\commons-lang3-3.8.1.jar
2023-06-05 10:58:43,211 [Worker-9: Launching mavenrun-7ef297c1-f7a4-4348-83c4-724e13ddf22e] INFO  o.eclipse.m2e.core.internal.Bundles - 	Entry: C:\Users\madhu\Downloads\sts-4.18.0.RELEASE\plugins\org.eclipse.m2e.maven.runtime_3.8.701.20230209-1606\jars\guice-4.2.2-no_aop.jar
2023-06-05 10:58:43,211 [Worker-9: Launching mavenrun-7ef297c1-f7a4-4348-83c4-724e13ddf22e] INFO  o.eclipse.m2e.core.internal.Bundles - 	Entry: C:\Users\madhu\Downloads\sts-4.18.0.RELEASE\plugins\org.eclipse.m2e.maven.runtime_3.8.701.20230209-1606\jars\jansi-2.4.0.jar
2023-06-05 10:58:43,211 [Worker-9: Launching mavenrun-7ef297c1-f7a4-4348-83c4-724e13ddf22e] INFO  o.eclipse.m2e.core.internal.Bundles - 	Entry: C:\Users\madhu\Downloads\sts-4.18.0.RELEASE\plugins\org.eclipse.m2e.maven.runtime_3.8.701.20230209-1606\jars\maven-artifact-3.8.7.jar
2023-06-05 10:58:43,211 [Worker-9: Launching mavenrun-7ef297c1-f7a4-4348-83c4-724e13ddf22e] INFO  o.eclipse.m2e.core.internal.Bundles - 	Entry: C:\Users\madhu\Downloads\sts-4.18.0.RELEASE\plugins\org.eclipse.m2e.maven.runtime_3.8.701.20230209-1606\jars\maven-builder-support-3.8.7.jar
2023-06-05 10:58:43,211 [Worker-9: Launching mavenrun-7ef297c1-f7a4-4348-83c4-724e13ddf22e] INFO  o.eclipse.m2e.core.internal.Bundles - 	Entry: C:\Users\madhu\Downloads\sts-4.18.0.RELEASE\plugins\org.eclipse.m2e.maven.runtime_3.8.701.20230209-1606\jars\maven-compat-3.8.7.jar
2023-06-05 10:58:43,211 [Worker-9: Launching mavenrun-7ef297c1-f7a4-4348-83c4-724e13ddf22e] INFO  o.eclipse.m2e.core.internal.Bundles - 	Entry: C:\Users\madhu\Downloads\sts-4.18.0.RELEASE\plugins\org.eclipse.m2e.maven.runtime_3.8.701.20230209-1606\jars\maven-core-3.8.7.jar
2023-06-05 10:58:43,211 [Worker-9: Launching mavenrun-7ef297c1-f7a4-4348-83c4-724e13ddf22e] INFO  o.eclipse.m2e.core.internal.Bundles - 	Entry: C:\Users\madhu\Downloads\sts-4.18.0.RELEASE\plugins\org.eclipse.m2e.maven.runtime_3.8.701.20230209-1606\jars\maven-embedder-3.8.7.jar
2023-06-05 10:58:43,212 [Worker-9: Launching mavenrun-7ef297c1-f7a4-4348-83c4-724e13ddf22e] INFO  o.eclipse.m2e.core.internal.Bundles - 	Entry: C:\Users\madhu\Downloads\sts-4.18.0.RELEASE\plugins\org.eclipse.m2e.maven.runtime_3.8.701.20230209-1606\jars\maven-model-3.8.7.jar
2023-06-05 10:58:43,212 [Worker-9: Launching mavenrun-7ef297c1-f7a4-4348-83c4-724e13ddf22e] INFO  o.eclipse.m2e.core.internal.Bundles - 	Entry: C:\Users\madhu\Downloads\sts-4.18.0.RELEASE\plugins\org.eclipse.m2e.maven.runtime_3.8.701.20230209-1606\jars\maven-model-builder-3.8.7.jar
2023-06-05 10:58:43,212 [Worker-9: Launching mavenrun-7ef297c1-f7a4-4348-83c4-724e13ddf22e] INFO  o.eclipse.m2e.core.internal.Bundles - 	Entry: C:\Users\madhu\Downloads\sts-4.18.0.RELEASE\plugins\org.eclipse.m2e.maven.runtime_3.8.701.20230209-1606\jars\maven-plugin-api-3.8.7.jar
2023-06-05 10:58:43,212 [Worker-9: Launching mavenrun-7ef297c1-f7a4-4348-83c4-724e13ddf22e] INFO  o.eclipse.m2e.core.internal.Bundles - 	Entry: C:\Users\madhu\Downloads\sts-4.18.0.RELEASE\plugins\org.eclipse.m2e.maven.runtime_3.8.701.20230209-1606\jars\maven-repository-metadata-3.8.7.jar
2023-06-05 10:58:43,212 [Worker-9: Launching mavenrun-7ef297c1-f7a4-4348-83c4-724e13ddf22e] INFO  o.eclipse.m2e.core.internal.Bundles - 	Entry: C:\Users\madhu\Downloads\sts-4.18.0.RELEASE\plugins\org.eclipse.m2e.maven.runtime_3.8.701.20230209-1606\jars\maven-resolver-api-1.6.3.jar
2023-06-05 10:58:43,212 [Worker-9: Launching mavenrun-7ef297c1-f7a4-4348-83c4-724e13ddf22e] INFO  o.eclipse.m2e.core.internal.Bundles - 	Entry: C:\Users\madhu\Downloads\sts-4.18.0.RELEASE\plugins\org.eclipse.m2e.maven.runtime_3.8.701.20230209-1606\jars\maven-resolver-connector-basic-1.6.3.jar
2023-06-05 10:58:43,212 [Worker-9: Launching mavenrun-7ef297c1-f7a4-4348-83c4-724e13ddf22e] INFO  o.eclipse.m2e.core.internal.Bundles - 	Entry: C:\Users\madhu\Downloads\sts-4.18.0.RELEASE\plugins\org.eclipse.m2e.maven.runtime_3.8.701.20230209-1606\jars\maven-resolver-impl-1.6.3.jar
2023-06-05 10:58:43,213 [Worker-9: Launching mavenrun-7ef297c1-f7a4-4348-83c4-724e13ddf22e] INFO  o.eclipse.m2e.core.internal.Bundles - 	Entry: C:\Users\madhu\Downloads\sts-4.18.0.RELEASE\plugins\org.eclipse.m2e.maven.runtime_3.8.701.20230209-1606\jars\maven-resolver-provider-3.8.7.jar
2023-06-05 10:58:43,213 [Worker-9: Launching mavenrun-7ef297c1-f7a4-4348-83c4-724e13ddf22e] INFO  o.eclipse.m2e.core.internal.Bundles - 	Entry: C:\Users\madhu\Downloads\sts-4.18.0.RELEASE\plugins\org.eclipse.m2e.maven.runtime_3.8.701.20230209-1606\jars\maven-resolver-spi-1.6.3.jar
2023-06-05 10:58:43,213 [Worker-9: Launching mavenrun-7ef297c1-f7a4-4348-83c4-724e13ddf22e] INFO  o.eclipse.m2e.core.internal.Bundles - 	Entry: C:\Users\madhu\Downloads\sts-4.18.0.RELEASE\plugins\org.eclipse.m2e.maven.runtime_3.8.701.20230209-1606\jars\maven-resolver-transport-wagon-1.6.3.jar
2023-06-05 10:58:43,213 [Worker-9: Launching mavenrun-7ef297c1-f7a4-4348-83c4-724e13ddf22e] INFO  o.eclipse.m2e.core.internal.Bundles - 	Entry: C:\Users\madhu\Downloads\sts-4.18.0.RELEASE\plugins\org.eclipse.m2e.maven.runtime_3.8.701.20230209-1606\jars\maven-resolver-util-1.6.3.jar
2023-06-05 10:58:43,213 [Worker-9: Launching mavenrun-7ef297c1-f7a4-4348-83c4-724e13ddf22e] INFO  o.eclipse.m2e.core.internal.Bundles - 	Entry: C:\Users\madhu\Downloads\sts-4.18.0.RELEASE\plugins\org.eclipse.m2e.maven.runtime_3.8.701.20230209-1606\jars\maven-settings-3.8.7.jar
2023-06-05 10:58:43,213 [Worker-9: Launching mavenrun-7ef297c1-f7a4-4348-83c4-724e13ddf22e] INFO  o.eclipse.m2e.core.internal.Bundles - 	Entry: C:\Users\madhu\Downloads\sts-4.18.0.RELEASE\plugins\org.eclipse.m2e.maven.runtime_3.8.701.20230209-1606\jars\maven-settings-builder-3.8.7.jar
2023-06-05 10:58:43,213 [Worker-9: Launching mavenrun-7ef297c1-f7a4-4348-83c4-724e13ddf22e] INFO  o.eclipse.m2e.core.internal.Bundles - 	Entry: C:\Users\madhu\Downloads\sts-4.18.0.RELEASE\plugins\org.eclipse.m2e.maven.runtime_3.8.701.20230209-1606\jars\maven-shared-utils-3.3.4.jar
2023-06-05 10:58:43,213 [Worker-9: Launching mavenrun-7ef297c1-f7a4-4348-83c4-724e13ddf22e] INFO  o.eclipse.m2e.core.internal.Bundles - 	Entry: C:\Users\madhu\Downloads\sts-4.18.0.RELEASE\plugins\org.eclipse.m2e.maven.runtime_3.8.701.20230209-1606\jars\okhttp-3.14.1.jar
2023-06-05 10:58:43,214 [Worker-9: Launching mavenrun-7ef297c1-f7a4-4348-83c4-724e13ddf22e] INFO  o.eclipse.m2e.core.internal.Bundles - 	Entry: C:\Users\madhu\Downloads\sts-4.18.0.RELEASE\plugins\org.eclipse.m2e.maven.runtime_3.8.701.20230209-1606\jars\okio-1.17.3.jar
2023-06-05 10:58:43,214 [Worker-9: Launching mavenrun-7ef297c1-f7a4-4348-83c4-724e13ddf22e] INFO  o.eclipse.m2e.core.internal.Bundles - 	Entry: C:\Users\madhu\Downloads\sts-4.18.0.RELEASE\plugins\org.eclipse.m2e.maven.runtime_3.8.701.20230209-1606\jars\org.eclipse.sisu.inject-0.3.5.jar
2023-06-05 10:58:43,214 [Worker-9: Launching mavenrun-7ef297c1-f7a4-4348-83c4-724e13ddf22e] INFO  o.eclipse.m2e.core.internal.Bundles - 	Entry: C:\Users\madhu\Downloads\sts-4.18.0.RELEASE\plugins\org.eclipse.m2e.maven.runtime_3.8.701.20230209-1606\jars\org.eclipse.sisu.plexus-0.3.5.jar
2023-06-05 10:58:43,214 [Worker-9: Launching mavenrun-7ef297c1-f7a4-4348-83c4-724e13ddf22e] INFO  o.eclipse.m2e.core.internal.Bundles - 	Entry: C:\Users\madhu\Downloads\sts-4.18.0.RELEASE\plugins\org.eclipse.m2e.maven.runtime_3.8.701.20230209-1606\jars\plexus-build-api-0.0.7.jar
2023-06-05 10:58:43,214 [Worker-9: Launching mavenrun-7ef297c1-f7a4-4348-83c4-724e13ddf22e] INFO  o.eclipse.m2e.core.internal.Bundles - 	Entry: C:\Users\madhu\Downloads\sts-4.18.0.RELEASE\plugins\org.eclipse.m2e.maven.runtime_3.8.701.20230209-1606\jars\plexus-cipher-2.0.jar
2023-06-05 10:58:43,214 [Worker-9: Launching mavenrun-7ef297c1-f7a4-4348-83c4-724e13ddf22e] INFO  o.eclipse.m2e.core.internal.Bundles - 	Entry: C:\Users\madhu\Downloads\sts-4.18.0.RELEASE\plugins\org.eclipse.m2e.maven.runtime_3.8.701.20230209-1606\jars\plexus-classworlds-2.6.0.jar
2023-06-05 10:58:43,214 [Worker-9: Launching mavenrun-7ef297c1-f7a4-4348-83c4-724e13ddf22e] INFO  o.eclipse.m2e.core.internal.Bundles - 	Entry: C:\Users\madhu\Downloads\sts-4.18.0.RELEASE\plugins\org.eclipse.m2e.maven.runtime_3.8.701.20230209-1606\jars\plexus-component-annotations-2.1.0.jar
2023-06-05 10:58:43,215 [Worker-9: Launching mavenrun-7ef297c1-f7a4-4348-83c4-724e13ddf22e] INFO  o.eclipse.m2e.core.internal.Bundles - 	Entry: C:\Users\madhu\Downloads\sts-4.18.0.RELEASE\plugins\org.eclipse.m2e.maven.runtime_3.8.701.20230209-1606\jars\plexus-interpolation-1.26.jar
2023-06-05 10:58:43,215 [Worker-9: Launching mavenrun-7ef297c1-f7a4-4348-83c4-724e13ddf22e] INFO  o.eclipse.m2e.core.internal.Bundles - 	Entry: C:\Users\madhu\Downloads\sts-4.18.0.RELEASE\plugins\org.eclipse.m2e.maven.runtime_3.8.701.20230209-1606\jars\plexus-sec-dispatcher-2.0.jar
2023-06-05 10:58:43,215 [Worker-9: Launching mavenrun-7ef297c1-f7a4-4348-83c4-724e13ddf22e] INFO  o.eclipse.m2e.core.internal.Bundles - 	Entry: C:\Users\madhu\Downloads\sts-4.18.0.RELEASE\plugins\org.eclipse.m2e.maven.runtime_3.8.701.20230209-1606\jars\plexus-utils-3.3.1.jar
2023-06-05 10:58:43,215 [Worker-9: Launching mavenrun-7ef297c1-f7a4-4348-83c4-724e13ddf22e] INFO  o.eclipse.m2e.core.internal.Bundles - 	Entry: C:\Users\madhu\Downloads\sts-4.18.0.RELEASE\plugins\org.eclipse.m2e.maven.runtime_3.8.701.20230209-1606\jars\wagon-file-3.5.3.jar
2023-06-05 10:58:43,215 [Worker-9: Launching mavenrun-7ef297c1-f7a4-4348-83c4-724e13ddf22e] INFO  o.eclipse.m2e.core.internal.Bundles - 	Entry: C:\Users\madhu\Downloads\sts-4.18.0.RELEASE\plugins\org.eclipse.m2e.maven.runtime_3.8.701.20230209-1606\jars\wagon-provider-api-3.5.3.jar
2023-06-05 10:58:43,218 [Worker-9: Launching mavenrun-7ef297c1-f7a4-4348-83c4-724e13ddf22e] INFO  o.eclipse.m2e.core.internal.Bundles - getClasspathEntries(Bundle=com.google.guava_31.1.0.jre [23])
2023-06-05 10:58:43,218 [Worker-9: Launching mavenrun-7ef297c1-f7a4-4348-83c4-724e13ddf22e] INFO  o.eclipse.m2e.core.internal.Bundles - 	Entry: C:\Users\madhu\Downloads\sts-4.18.0.RELEASE\plugins\com.google.guava_31.1.0.jre.jar
2023-06-05 10:58:43,220 [Worker-9: Launching mavenrun-7ef297c1-f7a4-4348-83c4-724e13ddf22e] INFO  o.eclipse.m2e.core.internal.Bundles - getClasspathEntries(Bundle=slf4j.api_1.7.36 [580])
2023-06-05 10:58:43,220 [Worker-9: Launching mavenrun-7ef297c1-f7a4-4348-83c4-724e13ddf22e] INFO  o.eclipse.m2e.core.internal.Bundles - 	Entry: C:\Users\madhu\Downloads\sts-4.18.0.RELEASE\plugins\slf4j.api_1.7.36.jar
2023-06-05 10:58:43,220 [Worker-9: Launching mavenrun-7ef297c1-f7a4-4348-83c4-724e13ddf22e] INFO  o.eclipse.m2e.core.internal.Bundles - getClasspathEntries(Bundle=javax.inject_1.0.0.v20220405-0441 [50])
2023-06-05 10:58:43,222 [Worker-9: Launching mavenrun-7ef297c1-f7a4-4348-83c4-724e13ddf22e] INFO  o.eclipse.m2e.core.internal.Bundles - 	Entry: C:\Users\madhu\Downloads\sts-4.18.0.RELEASE\plugins\javax.inject_1.0.0.v20220405-0441.jar
2023-06-05 10:58:43,222 [Worker-9: Launching mavenrun-7ef297c1-f7a4-4348-83c4-724e13ddf22e] INFO  o.eclipse.m2e.core.internal.Bundles - getClasspathEntries(Bundle=javax.annotation_1.3.5.v20221203-1659 [48])
2023-06-05 10:58:43,223 [Worker-9: Launching mavenrun-7ef297c1-f7a4-4348-83c4-724e13ddf22e] INFO  o.eclipse.m2e.core.internal.Bundles - 	Entry: C:\Users\madhu\Downloads\sts-4.18.0.RELEASE\plugins\javax.annotation_1.3.5.v20221203-1659.jar
2023-06-05 10:58:43,223 [Worker-9: Launching mavenrun-7ef297c1-f7a4-4348-83c4-724e13ddf22e] INFO  o.eclipse.m2e.core.internal.Bundles - getClasspathEntries(Bundle=org.apache.commons.cli_1.4.0.v20221112-0806 [73])
2023-06-05 10:58:43,224 [Worker-9: Launching mavenrun-7ef297c1-f7a4-4348-83c4-724e13ddf22e] INFO  o.eclipse.m2e.core.internal.Bundles - 	Entry: C:\Users\madhu\Downloads\sts-4.18.0.RELEASE\plugins\org.apache.commons.cli_1.4.0.v20221112-0806.jar
2023-06-05 10:58:43,224 [Worker-9: Launching mavenrun-7ef297c1-f7a4-4348-83c4-724e13ddf22e] INFO  o.eclipse.m2e.core.internal.Bundles - getClasspathEntries(Bundle=com.google.guava.failureaccess_1.0.1 [25])
2023-06-05 10:58:43,225 [Worker-9: Launching mavenrun-7ef297c1-f7a4-4348-83c4-724e13ddf22e] INFO  o.eclipse.m2e.core.internal.Bundles - 	Entry: C:\Users\madhu\Downloads\sts-4.18.0.RELEASE\plugins\com.google.guava.failureaccess_1.0.1.jar
2023-06-05 10:58:43,235 [Worker-9: Launching mavenrun-7ef297c1-f7a4-4348-83c4-724e13ddf22e] INFO  o.e.m.i.launch.MavenLaunchDelegate - Run build in "C:\Users\madhu\AppData\Local\Temp\m2e-archetypeGenerator1441954292286173041":
2023-06-05 10:58:43,240 [Worker-9: Launching mavenrun-7ef297c1-f7a4-4348-83c4-724e13ddf22e] INFO  o.e.m.i.launch.MavenLaunchDelegate -  mvn  -DarchetypeGroupId=org.apache.maven.archetypes -DarchetypeArtifactId=maven-archetype-quickstart -DarchetypeVersion=1.4 -DgroupId=com.selenium -DartifactId=Day4 -Dversion=0.0.1-SNAPSHOT -Dpackage=com.selenium.Day4 -DoutputDirectory=C:\Users\madhu\OneDrive\Desktop\Testing\Selenium-Testing -Dstyle.color=always -U archetype:generate
2023-06-07 11:46:31,556 [Worker-4: Loading available Gradle versions] INFO  o.e.b.c.i.u.g.PublishedGradleVersions - Gradle version information cache is up-to-date. Trying to read.
